palette ESサービス設定追加:2019/10/30,09:41:43,サービス設定開始
  #ESサービス設定ユーザー,2019/10/30,09:41:43,ADM00001103,栗田 義昭,成功
  #ESサービス設定ユーザー,2019/10/30,09:41:43,ADM00001105,西浦 創,成功
  #ESサービス設定ユーザー,2019/10/30,09:41:43,ADM00001104,植松 秀一,成功
  #ESサービス設定ユーザー,2019/10/30,09:41:44,ADM00001106,井上 広視,成功
  #ESサービス設定ユーザー,2019/10/30,09:41:44,ADM00001107,石塚 明子,成功
  #ESサービス設定ユーザー,2019/10/30,09:41:44,ADM00001108,江原 京子,成功
  #ESサービス設定ユーザー,2019/10/30,09:41:44,ADM00001109,後藤 進一郎,成功
  #ESサービス設定ユーザー,2019/10/30,09:41:44,ADM00001110,高森 寛江,成功
  #ESサービス設定ユーザー,2019/10/30,09:41:44,ADM00001111,辻 美夜子,成功
  #ESサービス設定ユーザー,2019/10/30,09:41:44,ADM00001112,戸沢 麻世,成功
  #ESサービス設定ユーザー,2019/10/30,09:41:44,ADM00001113,串田 直実,成功
  #ESサービス設定ユーザー,2019/10/30,09:41:45,ADM00001114,中岡 百香,成功
  #ESサービス設定ユーザー,2019/10/30,09:41:45,ADM00001115,森井 美幸,成功
  #ESサービス設定ユーザー,2019/10/30,09:41:45,ADM00001116,宮田 真弓,成功
  #ESサービス設定ユーザー,2019/10/30,09:41:45,ADM00001117,松岡　智佳子,成功
  #ESサービス設定ユーザー,2019/10/30,09:41:45,ADM00001118,髙橋 邦子,成功
  #ESサービス設定ユーザー,2019/10/30,09:41:45,ADM00001119,菅原 奈緒美,成功
  #ESサービス設定ユーザー,2019/10/30,09:41:45,ADM00001120,畠山 幸絵,成功
  #ESサービス設定ユーザー,2019/10/30,09:41:45,ADM00001121,田中 聖子,成功
  #ESサービス設定ユーザー,2019/10/30,09:41:45,ADM00001122,棚田 有里,成功
  #ESサービス設定ユーザー,2019/10/30,09:41:45,ADM00001123,古澤 真由美,成功
  #ESサービス設定ユーザー,2019/10/30,09:41:45,ADM00001124,奥井 美和子,成功
  #ESサービス設定ユーザー,2019/10/30,09:41:46,ADM00001125,蓑津 玲香,成功
  #ESサービス設定ユーザー,2019/10/30,09:41:46,ADM00001126,駒﨑 由佳理,成功
  #ESサービス設定ユーザー,2019/10/30,09:41:46,ADM00001127,清水 佑香,成功
  #ESサービス設定ユーザー,2019/10/30,09:41:46,ADM00001128,勝呂 幹雄,成功
  #ESサービス設定ユーザー,2019/10/30,09:41:46,ADM00001129,大木 聡,成功
  #ESサービス設定ユーザー,2019/10/30,09:41:46,ADM00001130,長谷川 敬之,成功
  #ESサービス設定ユーザー,2019/10/30,09:41:46,ADM00001131,山家 直人,成功
  #ESサービス設定ユーザー,2019/10/30,09:41:47,ADM00001132,大橋 雄一,成功
  #ESサービス設定ユーザー,2019/10/30,09:41:47,ADM00001133,森下 智之,成功
  #ESサービス設定ユーザー,2019/10/30,09:41:47,ADM00001134,越田 英毅,成功
  #ESサービス設定ユーザー,2019/10/30,09:41:47,ADM00001135,田村 綾子,成功
  #ESサービス設定ユーザー,2019/10/30,09:41:47,ADM00001136,伊藤 正昭,成功
  #ESサービス設定ユーザー,2019/10/30,09:41:47,ADM00001137,細木 和美,成功
  #ESサービス設定ユーザー,2019/10/30,09:41:48,ADM00001138,津川 貴司,成功
  #ESサービス設定ユーザー,2019/10/30,09:41:48,ADM00001139,永沢 晶子,成功
  #ESサービス設定ユーザー,2019/10/30,09:41:48,ADM00001140,黒川 未央,成功
  #ESサービス設定ユーザー,2019/10/30,09:41:48,ADM00001141,外山 史彦,成功
  #ESサービス設定ユーザー,2019/10/30,09:41:48,ADM00001142,柴田 知克,成功
  #ESサービス設定ユーザー,2019/10/30,09:41:48,ADM00001143,力石 悟,成功
  #ESサービス設定ユーザー,2019/10/30,09:41:48,ADM00001144,伊藤 晋,成功
  #ESサービス設定ユーザー,2019/10/30,09:41:48,ADM00001145,菅原 啓一,成功
  #ESサービス設定ユーザー,2019/10/30,09:41:48,ADM00001146,佐々木 茂人,成功
  #ESサービス設定ユーザー,2019/10/30,09:41:48,ADM00001147,板垣 容子,成功
  #ESサービス設定ユーザー,2019/10/30,09:41:48,ADM00001148,岩渕 由美,成功
  #ESサービス設定ユーザー,2019/10/30,09:41:49,ADM00001149,庄子 和夏,成功
  #ESサービス設定ユーザー,2019/10/30,09:41:49,ADM00001150,武本 侑佳,成功
  #ESサービス設定ユーザー,2019/10/30,09:41:49,ADM00001151,木村 剛,成功
  #ESサービス設定ユーザー,2019/10/30,09:41:49,ADM00001152,園田 誠,成功
  #ESサービス設定ユーザー,2019/10/30,09:41:49,ADM00001153,河上 徹,成功
  #ESサービス設定ユーザー,2019/10/30,09:41:49,ADM00001154,花岡 諭,成功
  #ESサービス設定ユーザー,2019/10/30,09:41:49,ADM00001155,川原 利樹,成功
  #ESサービス設定ユーザー,2019/10/30,09:41:49,ADM00001156,市村 瑞規,成功
  #ESサービス設定ユーザー,2019/10/30,09:41:49,ADM00001157,福本 兼治,成功
  #ESサービス設定ユーザー,2019/10/30,09:41:50,ADM00001158,大久保 綾子,成功
  #ESサービス設定ユーザー,2019/10/30,09:41:50,ADM00001159,加藤 尚子,成功
  #ESサービス設定ユーザー,2019/10/30,09:41:50,ADM00001160,東山 由佳,成功
  #ESサービス設定ユーザー,2019/10/30,09:41:50,ADM00001161,中野 麻衣,成功
  #ESサービス設定ユーザー,2019/10/30,09:41:50,ADM00001162,安井 麦穂,成功
  #ESサービス設定ユーザー,2019/10/30,09:41:50,ADM00001163,三瓶 夏葵,成功
  #ESサービス設定ユーザー,2019/10/30,09:41:50,ADM00001164,手塚 友輝,成功
  #ESサービス設定ユーザー,2019/10/30,09:41:50,ADM00001165,尾形 直哉,成功
  #ESサービス設定ユーザー,2019/10/30,09:41:50,ADM00001166,平綿 孝至,成功
  #ESサービス設定ユーザー,2019/10/30,09:41:50,ADM00001167,安室 高志,成功
  #ESサービス設定ユーザー,2019/10/30,09:41:50,ADM00001168,柴田 茂宏,成功
  #ESサービス設定ユーザー,2019/10/30,09:41:50,ADM00001169,岩本 浩美,成功
  #ESサービス設定ユーザー,2019/10/30,09:41:51,ADM00001170,山口 俊輔,成功
  #ESサービス設定ユーザー,2019/10/30,09:41:51,ADM00001171,下村 友一,成功
  #ESサービス設定ユーザー,2019/10/30,09:41:51,ADM00001172,佐々木 恵理子,成功
  #ESサービス設定ユーザー,2019/10/30,09:41:51,ADM00001173,山岡 裕美子,成功
  #ESサービス設定ユーザー,2019/10/30,09:41:51,ADM00001174,直川 さくら,成功
  #ESサービス設定ユーザー,2019/10/30,09:41:51,ADM00001175,尾崎 友香,成功
  #ESサービス設定ユーザー,2019/10/30,09:41:51,ADM00001176,藤井 利彦,成功
  #ESサービス設定ユーザー,2019/10/30,09:41:51,ADM00001177,大田 正人,成功
  #ESサービス設定ユーザー,2019/10/30,09:41:51,ADM00001178,阿部 稔,成功
  #ESサービス設定ユーザー,2019/10/30,09:41:51,ADM00001179,河合 健一郎,成功
  #ESサービス設定ユーザー,2019/10/30,09:41:51,ADM00001180,仲村 賢介,成功
  #ESサービス設定ユーザー,2019/10/30,09:41:51,ADM00001181,村中 展,成功
  #ESサービス設定ユーザー,2019/10/30,09:41:51,ADM00001182,三野 遼平,成功
  #ESサービス設定ユーザー,2019/10/30,09:41:52,ADM00001183,近藤 良亮,成功
  #ESサービス設定ユーザー,2019/10/30,09:41:52,ADM00001184,嶋崎 優一,成功
  #ESサービス設定ユーザー,2019/10/30,09:41:52,ADM00001185,竹内 祐吾,成功
  #ESサービス設定ユーザー,2019/10/30,09:41:52,ADM00001186,守屋 直貴,成功
  #ESサービス設定ユーザー,2019/10/30,09:41:52,ADM00001187,成澤 野歌,成功
  #ESサービス設定ユーザー,2019/10/30,09:41:52,ADM00001188,古谷 理沙子,成功
  #ESサービス設定ユーザー,2019/10/30,09:41:52,ADM00001189,小平 恵里,成功
  #ESサービス設定ユーザー,2019/10/30,09:41:52,ADM00001190,八木 仁美,成功
  #ESサービス設定ユーザー,2019/10/30,09:41:52,ADM00001191,安藤 夏生,成功
  #ESサービス設定ユーザー,2019/10/30,09:41:52,ADM00001192,堀江 真緒,成功
  #ESサービス設定ユーザー,2019/10/30,09:41:52,ADM00001193,石井 友梨,成功
  #ESサービス設定ユーザー,2019/10/30,09:41:53,ADM00001194,伊東 希望,成功
  #ESサービス設定ユーザー,2019/10/30,09:41:53,ADM00001195,木島 瑠菜,成功
  #ESサービス設定ユーザー,2019/10/30,09:41:53,ADM00001196,堀井 優,成功
  #ESサービス設定ユーザー,2019/10/30,09:41:53,ADM00001197,森 祐輔,成功
  #ESサービス設定ユーザー,2019/10/30,09:41:53,ADM00001198,清水 悠里,成功
  #ESサービス設定ユーザー,2019/10/30,09:41:53,ADM00001199,秋 相文,成功
  #ESサービス設定ユーザー,2019/10/30,09:41:53,ADM00001200,竹本 和之,成功
  #ESサービス設定ユーザー,2019/10/30,09:41:53,ADM00001201,山元 直樹,成功
  #ESサービス設定ユーザー,2019/10/30,09:41:53,ADM00001202,正木 泰明,成功
  #ESサービス設定ユーザー,2019/10/30,09:41:53,ADM00001203,土田 学,成功
  #ESサービス設定ユーザー,2019/10/30,09:41:54,ADM00001204,水野 詩織,成功
  #ESサービス設定ユーザー,2019/10/30,09:41:54,ADM00001205,山田 吏依子,成功
  #ESサービス設定ユーザー,2019/10/30,09:41:54,ADM00001206,中村 日向子,成功
  #ESサービス設定ユーザー,2019/10/30,09:41:54,ADM00001207,大宮 徳章,成功
  #ESサービス設定ユーザー,2019/10/30,09:41:54,ADM00001208,浜野 静香,成功
  #ESサービス設定ユーザー,2019/10/30,09:41:54,ADM00001209,佐々木 誠,成功
  #ESサービス設定ユーザー,2019/10/30,09:41:54,ADM00001210,田村 仁志,成功
  #ESサービス設定ユーザー,2019/10/30,09:41:55,ADM00001211,大野 宗孝,成功
  #ESサービス設定ユーザー,2019/10/30,09:41:55,ADM00001212,高峰 禎敏,成功
  #ESサービス設定ユーザー,2019/10/30,09:41:55,ADM00001213,塩川 貴明,成功
  #ESサービス設定ユーザー,2019/10/30,09:41:55,ADM00001214,巽 大樹,成功
  #ESサービス設定ユーザー,2019/10/30,09:41:55,ADM00001215,奥澤 和央,成功
  #ESサービス設定ユーザー,2019/10/30,09:41:55,ADM00001216,林 一樹,成功
  #ESサービス設定ユーザー,2019/10/30,09:41:55,ADM00001217,嶋田 琢也,成功
  #ESサービス設定ユーザー,2019/10/30,09:41:55,ADM00001218,大井 靖己,成功
  #ESサービス設定ユーザー,2019/10/30,09:41:55,ADM00001219,清水 弘喜,成功
  #ESサービス設定ユーザー,2019/10/30,09:41:55,ADM00001220,坂出 大輔,成功
  #ESサービス設定ユーザー,2019/10/30,09:41:55,ADM00001221,有馬 麻沙子,成功
  #ESサービス設定ユーザー,2019/10/30,09:41:56,ADM00001222,穴吹 智子,成功
  #ESサービス設定ユーザー,2019/10/30,09:41:56,ADM00001223,松井 才苗,成功
  #ESサービス設定ユーザー,2019/10/30,09:41:56,ADM00001224,佐藤 愛実,成功
  #ESサービス設定ユーザー,2019/10/30,09:41:56,ADM00001225,蛯谷 理央,成功
  #ESサービス設定ユーザー,2019/10/30,09:41:56,ADM00001226,西川 詩織,成功
  #ESサービス設定ユーザー,2019/10/30,09:41:56,ADM00001227,寺井 真里奈,成功
  #ESサービス設定ユーザー,2019/10/30,09:41:56,ADM00001228,小河 寛明,成功
  #ESサービス設定ユーザー,2019/10/30,09:41:56,ADM00001229,岡川 創,成功
  #ESサービス設定ユーザー,2019/10/30,09:41:56,ADM00001230,藤石 美弥,成功
  #ESサービス設定ユーザー,2019/10/30,09:41:56,ADM00001231,俵家 宏菜,成功
  #ESサービス設定ユーザー,2019/10/30,09:41:56,ADM00001232,大石 慎一郎,成功
  #ESサービス設定ユーザー,2019/10/30,09:41:57,ADM00001233,上野 義雄,成功
  #ESサービス設定ユーザー,2019/10/30,09:41:57,ADM00001234,橋本 成人,成功
  #ESサービス設定ユーザー,2019/10/30,09:41:57,ADM00001235,吉川 正数,成功
  #ESサービス設定ユーザー,2019/10/30,09:41:57,ADM00001236,末松 謙吾,成功
  #ESサービス設定ユーザー,2019/10/30,09:41:57,ADM00001237,要 祐介,成功
  #ESサービス設定ユーザー,2019/10/30,09:41:57,ADM00001238,角﨑 直也,成功
  #ESサービス設定ユーザー,2019/10/30,09:41:57,ADM00001239,財津 隆正,成功
  #ESサービス設定ユーザー,2019/10/30,09:41:57,ADM00001240,蔵永 有美,成功
  #ESサービス設定ユーザー,2019/10/30,09:41:57,ADM00001241,田上 美穂,成功
  #ESサービス設定ユーザー,2019/10/30,09:41:57,ADM00001242,中島 歩,成功
  #ESサービス設定ユーザー,2019/10/30,09:41:57,ADM00001243,門脇 るな,成功
palette ESサービス設定追加:2019/10/30,09:41:57,サービス設定終了
